*** Using Compiler 'V6.16', folder: 'C:\Keil_v5\ARM\ARMCLANG\Bin'
Build target 'Release'
assembling startup_stm32f407xx.s...
compiling HAL_TIM3.cpp...
compiling HAL_TIM.cpp...
compiling HAL_TIM2.cpp...
compiling system_stm32f4xx.c...
compiling HAL_IT.cpp...
compiling stm32f4xx_hal.c...
compiling HAL_PIO.cpp...
compiling HAL.cpp...
compiling Timer.cpp...
compiling stm32f4xx_hal_gpio.c...
compiling stm32f4xx_hal_cortex.c...
compiling stm32f4xx_hal_rcc.c...
compiling stm32f4xx_hal_dma.c...
compiling stm32f4xx_hal_tim_ex.c...
compiling HAL_SPI2.cpp...
compiling HAL_UART4.cpp...
compiling stm32f4xx_hal_uart.c...
compiling DiagramFFT.cpp...
compiling main.cpp...
compiling HAL_TIM4.cpp...
compiling Painter.cpp...
compiling Measurer.cpp...
compiling Colors.cpp...
compiling HAL_USART3.cpp...
compiling HAL_USART2.cpp...
compiling Display.cpp...
compiling DiagramInput.cpp...
compiling DInterface.cpp...
compiling Menu.cpp...
compiling Calculator.cpp...
compiling BufferADC.cpp...
compiling MenuItems.cpp...
compiling PageTwo.cpp...
compiling PageMain.cpp...
compiling Log.cpp...
compiling AD7691.cpp...
compiling stm32f4xx_hal_tim.c...
linking...
Program Size: Code=22568 RO-data=1232 RW-data=460 ZI-data=26836  
After Build - User command #1: c:\Keil_v5\ARM\ARMCC\bin\fromelf.exe --bin Objects\A101.axf --output A101.bin
".\Objects\A101.axf" - 0 Error(s), 0 Warning(s).
Build Time Elapsed:  00:00:02
